The system is: Windows - 10.0.22631 - AMD64
Compiling the C compiler identification source file "CMakeCCompilerId.c" succeeded.
Compiler: C:/Program Files/JetBrains/CLion 2021.3.3/bin/mingw/bin/gcc.exe 
Build flags: 
Id flags:  

The output was:
0


Compilation of the C compiler identification source "CMakeCCompilerId.c" produced "a.exe"

The C compiler identification is GNU, found in "F:/education/31/data structures/IntervalTree/cmake-build-debug/CMakeFiles/3.21.1/CompilerIdC/a.exe"

Compiling the CXX compiler identification source file "CMakeCXXCompilerId.cpp" succeeded.
Compiler: C:/Program Files/JetBrains/CLion 2021.3.3/bin/mingw/bin/g++.exe 
Build flags: 
Id flags:  

The output was:
0


Compilation of the CXX compiler identification source "CMakeCXXCompilerId.cpp" produced "a.exe"

The CXX compiler identification is GNU, found in "F:/education/31/data structures/IntervalTree/cmake-build-debug/CMakeFiles/3.21.1/CompilerIdCXX/a.exe"

Determining if the C compiler works passed with the following output:
Change Dir: F:/education/31/data structures/IntervalTree/cmake-build-debug/CMakeFiles/CMakeTmp

Run Build Command(s):C:/Program Files/JetBrains/CLion 2021.3.3/bin/ninja/win/ninja.exe cmTC_d80ba && [1/2] Building C object CMakeFiles/cmTC_d80ba.dir/testCCompiler.c.obj
[2/2] Linking C executable cmTC_d80ba.exe



Determining if the CXX compiler works passed with the following output:
Change Dir: F:/education/31/data structures/IntervalTree/cmake-build-debug/CMakeFiles/CMakeTmp

Run Build Command(s):C:/Program Files/JetBrains/CLion 2021.3.3/bin/ninja/win/ninja.exe cmTC_f4db0 && [1/2] Building CXX object CMakeFiles/cmTC_f4db0.dir/testCXXCompiler.cxx.obj
[2/2] Linking CXX executable cmTC_f4db0.exe



